<?xml version="1.0" encoding="UTF-8"?>
<!-- Generated by org.testng.reporters.JUnitReportReporter -->
<testsuite hostname="new-PC" name="com.selenium.tests.LoginTest" tests="1" failures="0" timestamp="4 Nov 2019 02:09:41 GMT" time="24.736" errors="0">
  <testcase name="verifyLogo" time="24.736" classname="com.selenium.tests.LoginTest"/>
</testsuite> <!-- com.selenium.tests.LoginTest -->
