<?xml version="1.0" encoding="UTF-8"?>
<!-- Generated by org.testng.reporters.JUnitReportReporter -->
<testsuite hostname="new-PC" name="com.cts.kaiser.test.Tests" tests="1" failures="0" timestamp="2 Nov 2019 02:50:55 GMT" time="0.074" errors="0">
  <testcase name="test" time="0.074" classname="com.cts.kaiser.test.Tests"/>
</testsuite> <!-- com.cts.kaiser.test.Tests -->
